<?xml version="1.0" encoding="UTF-8"?>
<!-- Generated by org.testng.reporters.JUnitXMLReporter -->
<testsuite ignored="0" hostname="Akash" failures="1" tests="1" name="LoginErrorValidations" time="2.552" errors="0" timestamp="2024-09-05T20:44:14 IST">
  <testcase classname="com.demo.UI.Automation.Tests.LoginErrorValidatiosTest" name="validateErrorMessage_Login" time="0.392">
    <failure type="java.lang.AssertionError" message="expected [Incorrect email or password.] but found [Incorrct email or password.]">
      <![CDATA[java.lang.AssertionError: expected [Incorrect email or password.] but found [Incorrct email or password.]
at com.demo.UI.Automation.Tests.LoginErrorValidatiosTest.validateErrorMessage_Login(LoginErrorValidatiosTest.java:20)
at java.base/java.util.ArrayList.forEach(ArrayList.java:1511)
at java.base/java.util.concurrent.FutureTask.run(FutureTask.java:264)
at java.base/java.util.concurrent.ThreadPoolExecutor.runWorker(ThreadPoolExecutor.java:1136)
at java.base/java.util.concurrent.ThreadPoolExecutor$Worker.run(ThreadPoolExecutor.java:635)
at java.base/java.lang.Thread.run(Thread.java:840)
... Removed 23 stack frames]]>
    </failure>
  </testcase> <!-- validateErrorMessage_Login -->
</testsuite> <!-- LoginErrorValidations -->
